{
  "stats": {
    "suites": 7,
    "tests": 16,
    "passes": 16,
    "pending": 0,
    "failures": 0,
    "start": "2025-10-04T03:32:39.503Z",
    "end": "2025-10-04T03:34:01.843Z",
    "duration": 82340,
    "testsRegistered": 16,
    "passPercent": 100,
    "pendingPercent": 0,
    "other": 0,
    "hasOther": false,
    "skipped": 0,
    "hasSkipped": false
  },
  "results": [
    {
      "uuid": "d8dfe505-0879-4460-9482-5674ccf04ecc",
      "title": "",
      "fullFile": "cypress\\e2e\\Login.cy.js",
      "file": "cypress\\e2e\\Login.cy.js",
      "beforeHooks": [],
      "afterHooks": [],
      "tests": [],
      "suites": [
        {
          "uuid": "034758d9-c9df-4afe-8073-eb3c5cea6538",
          "title": "Login Functionality Tests",
          "fullFile": "",
          "file": "",
          "beforeHooks": [],
          "afterHooks": [],
          "tests": [],
          "suites": [
            {
              "uuid": "dbf7a28f-5073-4a23-a809-b989743b16d4",
              "title": "Positive Test - Login Tests",
              "fullFile": "",
              "file": "",
              "beforeHooks": [],
              "afterHooks": [],
              "tests": [
                {
                  "title": "TC001: Should login successfully with valid credentials",
                  "fullTitle": "Login Functionality Tests Positive Test - Login Tests TC001: Should login successfully with valid credentials",
                  "timedOut": null,
                  "duration": 8455,
                  "state": "passed",
                  "speed": "medium",
                  "pass": true,
                  "fail": false,
                  "pending": false,
                  "context": null,
                  "code": "loginPage.login(testData.validCredentials.username, testData.validCredentials.password);\ncy.wait(3000);\ndashboardPage.verifyDashboardVisible();\ncy.url().should('include', 'dashboard');",
                  "err": {},
                  "uuid": "b67bcbe8-7349-4aca-9a84-9f1f1bd99822",
                  "parentUUID": "dbf7a28f-5073-4a23-a809-b989743b16d4",
                  "isHook": false,
                  "skipped": false
                },
                {
                  "title": "TC002: Should verify login with API intercept",
                  "fullTitle": "Login Functionality Tests Positive Test - Login Tests TC002: Should verify login with API intercept",
                  "timedOut": null,
                  "duration": 3987,
                  "state": "passed",
                  "speed": "fast",
                  "pass": true,
                  "fail": false,
                  "pending": false,
                  "context": null,
                  "code": "cy.intercept('GET', '**/employees/action-summary').as('loginAPI');\nloginPage.login(testData.validCredentials.username, testData.validCredentials.password);\ncy.wait('@loginAPI').its('response.statusCode').should('eq', 200);\ndashboardPage.verifyDashboardVisible();",
                  "err": {},
                  "uuid": "656b6955-4b5d-49e6-ab71-84ce0581433c",
                  "parentUUID": "dbf7a28f-5073-4a23-a809-b989743b16d4",
                  "isHook": false,
                  "skipped": false
                },
                {
                  "title": "TC003: Should verify multiple API calls on login with intercept",
                  "fullTitle": "Login Functionality Tests Positive Test - Login Tests TC003: Should verify multiple API calls on login with intercept",
                  "timedOut": null,
                  "duration": 8763,
                  "state": "passed",
                  "speed": "medium",
                  "pass": true,
                  "fail": false,
                  "pending": false,
                  "context": null,
                  "code": "cy.intercept('GET', '**/employees/action-summary').as('employeesAPI');\ncy.intercept('GET', '**/dashboard/**').as('dashboardAPI');\nloginPage.login(testData.validCredentials.username, testData.validCredentials.password);\ncy.wait('@employeesAPI').its('response.statusCode').should('eq', 200);\ncy.wait(1000);\ndashboardPage.verifyDashboardVisible();",
                  "err": {},
                  "uuid": "c14ec1b5-f2a3-483c-ae9e-e0d005ed005c",
                  "parentUUID": "dbf7a28f-5073-4a23-a809-b989743b16d4",
                  "isHook": false,
                  "skipped": false
                },
                {
                  "title": "TC004: Should verify API response structure with intercept",
                  "fullTitle": "Login Functionality Tests Positive Test - Login Tests TC004: Should verify API response structure with intercept",
                  "timedOut": null,
                  "duration": 3921,
                  "state": "passed",
                  "speed": "fast",
                  "pass": true,
                  "fail": false,
                  "pending": false,
                  "context": null,
                  "code": "cy.intercept('GET', '**/employees/action-summary').as('loginResponse');\nloginPage.login(testData.validCredentials.username, testData.validCredentials.password);\n// Verify response structure\ncy.wait('@loginResponse').then(interception => {\n  expect(interception.response.statusCode).to.eq(200);\n  expect(interception.response.body).to.have.property('data');\n});",
                  "err": {},
                  "uuid": "5fd3d3bb-3e8b-4e98-8d2c-2c614886402e",
                  "parentUUID": "dbf7a28f-5073-4a23-a809-b989743b16d4",
                  "isHook": false,
                  "skipped": false
                }
              ],
              "suites": [],
              "passes": [
                "b67bcbe8-7349-4aca-9a84-9f1f1bd99822",
                "656b6955-4b5d-49e6-ab71-84ce0581433c",
                "c14ec1b5-f2a3-483c-ae9e-e0d005ed005c",
                "5fd3d3bb-3e8b-4e98-8d2c-2c614886402e"
              ],
              "failures": [],
              "pending": [],
              "skipped": [],
              "duration": 25126,
              "root": false,
              "rootEmpty": false,
              "_timeout": 2000
            },
            {
              "uuid": "49cbc90c-bbd2-4723-9d66-53c0fd1dd503",
              "title": "Negative Test - Empty Field Validation Tests",
              "fullFile": "",
              "file": "",
              "beforeHooks": [],
              "afterHooks": [],
              "tests": [
                {
                  "title": "TC005: Should show error when username is empty",
                  "fullTitle": "Login Functionality Tests Negative Test - Empty Field Validation Tests TC005: Should show error when username is empty",
                  "timedOut": null,
                  "duration": 3396,
                  "state": "passed",
                  "speed": "fast",
                  "pass": true,
                  "fail": false,
                  "pending": false,
                  "context": null,
                  "code": "loginPage.enterPassword(testData.validCredentials.password);\nloginPage.clickLogin();\ncy.wait(1000);\ncy.contains('Required').should('be.visible');",
                  "err": {},
                  "uuid": "216edbfe-b7a1-4d07-9b83-7ca9214d7f5c",
                  "parentUUID": "49cbc90c-bbd2-4723-9d66-53c0fd1dd503",
                  "isHook": false,
                  "skipped": false
                },
                {
                  "title": "TC006: Should show error when password is empty",
                  "fullTitle": "Login Functionality Tests Negative Test - Empty Field Validation Tests TC006: Should show error when password is empty",
                  "timedOut": null,
                  "duration": 2799,
                  "state": "passed",
                  "speed": "fast",
                  "pass": true,
                  "fail": false,
                  "pending": false,
                  "context": null,
                  "code": "loginPage.enterUsername(testData.validCredentials.username);\nloginPage.clickLogin();\ncy.wait(1000);\ncy.contains('Required').should('be.visible');",
                  "err": {},
                  "uuid": "bd5ed205-f2fb-4165-bb03-4d3f0af55a38",
                  "parentUUID": "49cbc90c-bbd2-4723-9d66-53c0fd1dd503",
                  "isHook": false,
                  "skipped": false
                },
                {
                  "title": "TC007: Should show error when both fields are empty",
                  "fullTitle": "Login Functionality Tests Negative Test - Empty Field Validation Tests TC007: Should show error when both fields are empty",
                  "timedOut": null,
                  "duration": 2637,
                  "state": "passed",
                  "speed": "fast",
                  "pass": true,
                  "fail": false,
                  "pending": false,
                  "context": null,
                  "code": "loginPage.clickLogin();\ncy.wait(1000);\ncy.contains('Required').should('be.visible');",
                  "err": {},
                  "uuid": "232508a4-ca89-4203-818d-ebd8b846b3f9",
                  "parentUUID": "49cbc90c-bbd2-4723-9d66-53c0fd1dd503",
                  "isHook": false,
                  "skipped": false
                }
              ],
              "suites": [],
              "passes": [
                "216edbfe-b7a1-4d07-9b83-7ca9214d7f5c",
                "bd5ed205-f2fb-4165-bb03-4d3f0af55a38",
                "232508a4-ca89-4203-818d-ebd8b846b3f9"
              ],
              "failures": [],
              "pending": [],
              "skipped": [],
              "duration": 8832,
              "root": false,
              "rootEmpty": false,
              "_timeout": 2000
            },
            {
              "uuid": "73522105-d186-4364-a31f-42f46131e9c3",
              "title": "Negative Test - Invalid Credentials Tests",
              "fullFile": "",
              "file": "",
              "beforeHooks": [],
              "afterHooks": [],
              "tests": [
                {
                  "title": "TC008: Should show error with invalid credentials",
                  "fullTitle": "Login Functionality Tests Negative Test - Invalid Credentials Tests TC008: Should show error with invalid credentials",
                  "timedOut": null,
                  "duration": 5970,
                  "state": "passed",
                  "speed": "medium",
                  "pass": true,
                  "fail": false,
                  "pending": false,
                  "context": null,
                  "code": "loginPage.login('InvalidUser', 'InvalidPass123');\ncy.wait(2000);\ncy.contains('Invalid credentials').should('be.visible');",
                  "err": {},
                  "uuid": "edc172fe-33a2-4ecf-8913-ef18915daca0",
                  "parentUUID": "73522105-d186-4364-a31f-42f46131e9c3",
                  "isHook": false,
                  "skipped": false
                },
                {
                  "title": "TC009: Should verify no API redirect on invalid login",
                  "fullTitle": "Login Functionality Tests Negative Test - Invalid Credentials Tests TC009: Should verify no API redirect on invalid login",
                  "timedOut": null,
                  "duration": 5130,
                  "state": "passed",
                  "speed": "medium",
                  "pass": true,
                  "fail": false,
                  "pending": false,
                  "context": null,
                  "code": "cy.intercept('GET', '**/employees/action-summary').as('loginAPI');\nloginPage.login('InvalidUser', 'InvalidPass');\ncy.wait(2000);\ncy.contains('Invalid credentials').should('be.visible');\ncy.url().should('include', 'auth/login');",
                  "err": {},
                  "uuid": "dd6ad8a2-1d8a-4bf5-8d45-6f7dcb901faf",
                  "parentUUID": "73522105-d186-4364-a31f-42f46131e9c3",
                  "isHook": false,
                  "skipped": false
                }
              ],
              "suites": [],
              "passes": [
                "edc172fe-33a2-4ecf-8913-ef18915daca0",
                "dd6ad8a2-1d8a-4bf5-8d45-6f7dcb901faf"
              ],
              "failures": [],
              "pending": [],
              "skipped": [],
              "duration": 11100,
              "root": false,
              "rootEmpty": false,
              "_timeout": 2000
            },
            {
              "uuid": "1fa3193d-2355-46e6-ba90-fe00fbca82e1",
              "title": "UI Elements Tests",
              "fullFile": "",
              "file": "",
              "beforeHooks": [],
              "afterHooks": [],
              "tests": [
                {
                  "title": "TC010: Should display all login page elements",
                  "fullTitle": "Login Functionality Tests UI Elements Tests TC010: Should display all login page elements",
                  "timedOut": null,
                  "duration": 1635,
                  "state": "passed",
                  "speed": "fast",
                  "pass": true,
                  "fail": false,
                  "pending": false,
                  "context": null,
                  "code": "loginPage.verifyLoginPageVisible();\nloginPage.elements.UsernameInput().should('be.visible');\nloginPage.elements.PasswordInput().should('be.visible');\nloginPage.elements.LoginButton().should('be.visible');\nloginPage.elements.ForgotPasswordLink().should('be.visible');",
                  "err": {},
                  "uuid": "8c7923ba-ca0a-48e2-abbc-ee08cabe39de",
                  "parentUUID": "1fa3193d-2355-46e6-ba90-fe00fbca82e1",
                  "isHook": false,
                  "skipped": false
                },
                {
                  "title": "TC011: Should navigate to forgot password page",
                  "fullTitle": "Login Functionality Tests UI Elements Tests TC011: Should navigate to forgot password page",
                  "timedOut": null,
                  "duration": 2883,
                  "state": "passed",
                  "speed": "fast",
                  "pass": true,
                  "fail": false,
                  "pending": false,
                  "context": null,
                  "code": "loginPage.clickForgotPassword();\ncy.wait(1000);\ncy.url().should('include', 'requestPasswordResetCode');",
                  "err": {},
                  "uuid": "d34af882-2e84-41c1-b93b-061213b63713",
                  "parentUUID": "1fa3193d-2355-46e6-ba90-fe00fbca82e1",
                  "isHook": false,
                  "skipped": false
                }
              ],
              "suites": [],
              "passes": [
                "8c7923ba-ca0a-48e2-abbc-ee08cabe39de",
                "d34af882-2e84-41c1-b93b-061213b63713"
              ],
              "failures": [],
              "pending": [],
              "skipped": [],
              "duration": 4518,
              "root": false,
              "rootEmpty": false,
              "_timeout": 2000
            },
            {
              "uuid": "f870bf9a-45ef-4348-b1d6-28739fa70422",
              "title": "Login Performance Tests with Intercept",
              "fullFile": "",
              "file": "",
              "beforeHooks": [],
              "afterHooks": [],
              "tests": [
                {
                  "title": "TC012: Should complete login within acceptable time",
                  "fullTitle": "Login Functionality Tests Login Performance Tests with Intercept TC012: Should complete login within acceptable time",
                  "timedOut": null,
                  "duration": 4835,
                  "state": "passed",
                  "speed": "fast",
                  "pass": true,
                  "fail": false,
                  "pending": false,
                  "context": null,
                  "code": "cy.intercept('GET', '**/employees/action-summary').as('performanceAPI');\nconst startTime = Date.now();\nloginPage.login(testData.validCredentials.username, testData.validCredentials.password);\ncy.wait('@performanceAPI').then(() => {\n  const endTime = Date.now();\n  const duration = endTime - startTime;\n  expect(duration).to.be.lessThan(6000);\n  cy.log(`Login completed in ${duration}ms`);\n});",
                  "err": {},
                  "uuid": "024bb3c3-6d32-4cb6-b96c-abe3b20f24ce",
                  "parentUUID": "f870bf9a-45ef-4348-b1d6-28739fa70422",
                  "isHook": false,
                  "skipped": false
                }
              ],
              "suites": [],
              "passes": [
                "024bb3c3-6d32-4cb6-b96c-abe3b20f24ce"
              ],
              "failures": [],
              "pending": [],
              "skipped": [],
              "duration": 4835,
              "root": false,
              "rootEmpty": false,
              "_timeout": 2000
            },
            {
              "uuid": "680d0b46-2227-4819-bff0-4cf926a13a39",
              "title": "Additional Case",
              "fullFile": "",
              "file": "",
              "beforeHooks": [],
              "afterHooks": [],
              "tests": [
                {
                  "title": "TC013: Should handle username with spaces",
                  "fullTitle": "Login Functionality Tests Additional Case TC013: Should handle username with spaces",
                  "timedOut": null,
                  "duration": 5494,
                  "state": "passed",
                  "speed": "medium",
                  "pass": true,
                  "fail": false,
                  "pending": false,
                  "context": null,
                  "code": "loginPage.login('  Admin  ', testData.validCredentials.password);\ncy.wait(2000);\ncy.url().then(url => {\n  if (url.includes('dashboard')) {\n    dashboardPage.verifyDashboardVisible();\n  } else {\n    cy.contains('Invalid credentials').should('be.visible');\n  }\n});",
                  "err": {},
                  "uuid": "c890e8a5-a320-4247-8b7f-067e857c8e29",
                  "parentUUID": "680d0b46-2227-4819-bff0-4cf926a13a39",
                  "isHook": false,
                  "skipped": false
                },
                {
                  "title": "TC014: Should verify password is case sensitive",
                  "fullTitle": "Login Functionality Tests Additional Case TC014: Should verify password is case sensitive",
                  "timedOut": null,
                  "duration": 5285,
                  "state": "passed",
                  "speed": "medium",
                  "pass": true,
                  "fail": false,
                  "pending": false,
                  "context": null,
                  "code": "loginPage.login(testData.validCredentials.username, 'ADMIN123');\ncy.wait(2000);\ncy.contains('Invalid credentials').should('be.visible');\ncy.url().should('include', 'auth/login');",
                  "err": {},
                  "uuid": "314a5031-2644-4366-b6ce-913508de8cf1",
                  "parentUUID": "680d0b46-2227-4819-bff0-4cf926a13a39",
                  "isHook": false,
                  "skipped": false
                },
                {
                  "title": "TC015: Should succeed login if username case is correct",
                  "fullTitle": "Login Functionality Tests Additional Case TC015: Should succeed login if username case is correct",
                  "timedOut": null,
                  "duration": 3658,
                  "state": "passed",
                  "speed": "fast",
                  "pass": true,
                  "fail": false,
                  "pending": false,
                  "context": null,
                  "code": "// login dengan username yang valid (case benar)\nloginPage.login('admin', testData.validCredentials.password);\n// pastikan login berhasil\ndashboardPage.verifyDashboardVisible();\ncy.url().should('include', '/dashboard');\ncy.log('✅ Login berhasil dengan username case benar');",
                  "err": {},
                  "uuid": "7ccf5eb9-bf1b-4881-baf2-86567f645f22",
                  "parentUUID": "680d0b46-2227-4819-bff0-4cf926a13a39",
                  "isHook": false,
                  "skipped": false
                },
                {
                  "title": "TC016: Should handle rapid multiple login attempts",
                  "fullTitle": "Login Functionality Tests Additional Case TC016: Should handle rapid multiple login attempts",
                  "timedOut": null,
                  "duration": 11265,
                  "state": "passed",
                  "speed": "slow",
                  "pass": true,
                  "fail": false,
                  "pending": false,
                  "context": null,
                  "code": "// Attempt 1\nloginPage.login('InvalidUser1', 'InvalidPass1');\ncy.wait(1000);\n// Attempt 2\nloginPage.clearUsername();\nloginPage.clearPassword();\nloginPage.login('InvalidUser2', 'InvalidPass2');\ncy.wait(1000);\n// Attempt 3\nloginPage.clearUsername();\nloginPage.clearPassword();\nloginPage.login('InvalidUser3', 'InvalidPass3');\ncy.wait(2000);\n// Should still show error and not crash\ncy.contains('Invalid credentials').should('be.visible');\ncy.url().should('include', 'auth/login');\n// Verify form still functional\nloginPage.elements.UsernameInput().should('be.visible');\nloginPage.elements.PasswordInput().should('be.visible');",
                  "err": {},
                  "uuid": "566a6dd4-873a-45f9-95bb-02e8a82c64af",
                  "parentUUID": "680d0b46-2227-4819-bff0-4cf926a13a39",
                  "isHook": false,
                  "skipped": false
                }
              ],
              "suites": [],
              "passes": [
                "c890e8a5-a320-4247-8b7f-067e857c8e29",
                "314a5031-2644-4366-b6ce-913508de8cf1",
                "7ccf5eb9-bf1b-4881-baf2-86567f645f22",
                "566a6dd4-873a-45f9-95bb-02e8a82c64af"
              ],
              "failures": [],
              "pending": [],
              "skipped": [],
              "duration": 25702,
              "root": false,
              "rootEmpty": false,
              "_timeout": 2000
            }
          ],
          "passes": [],
          "failures": [],
          "pending": [],
          "skipped": [],
          "duration": 0,
          "root": false,
          "rootEmpty": false,
          "_timeout": 2000
        }
      ],
      "passes": [],
      "failures": [],
      "pending": [],
      "skipped": [],
      "duration": 0,
      "root": true,
      "rootEmpty": true,
      "_timeout": 2000
    }
  ],
  "meta": {
    "mocha": {
      "version": "7.2.0"
    },
    "mochawesome": {
      "options": {
        "quiet": false,
        "reportFilename": "mochawesome",
        "saveHtml": false,
        "saveJson": true,
        "consoleReporter": "spec",
        "useInlineDiffs": false,
        "code": true
      },
      "version": "7.1.4"
    },
    "marge": {
      "options": {
        "reportDir": "cypress/reports/mochawesome",
        "overwrite": false,
        "html": false,
        "json": true
      },
      "version": "6.3.0"
    }
  }
}